C:\USERS\ASULIN\DESKTOP\DROPBOX\ליאור\מכללה\סמסטר א' 2013\בינה מלאכותית\ITRETIVENQUEENSCODE\ITRETIVENQUEENSCODE\DEBUG\BOARD.OBJ
C:\USERS\ASULIN\DESKTOP\DROPBOX\ליאור\מכללה\סמסטר א' 2013\בינה מלאכותית\ITRETIVENQUEENSCODE\ITRETIVENQUEENSCODE\DEBUG\ITERATIVEALGO.OBJ
C:\USERS\ASULIN\DESKTOP\DROPBOX\ליאור\מכללה\סמסטר א' 2013\בינה מלאכותית\ITRETIVENQUEENSCODE\ITRETIVENQUEENSCODE\DEBUG\MAIN.OBJ
C:\USERS\ASULIN\DESKTOP\DROPBOX\ליאור\מכללה\סמסטר א' 2013\בינה מלאכותית\ITRETIVENQUEENSCODE\ITRETIVENQUEENSCODE\DEBUG\VC110.PDB
C:\USERS\ASULIN\DESKTOP\DROPBOX\ליאור\מכללה\סמסטר א' 2013\בינה מלאכותית\ITRETIVENQUEENSCODE\DEBUG\ITRETIVENQUEENSCODE.ILK
C:\USERS\ASULIN\DESKTOP\DROPBOX\ליאור\מכללה\סמסטר א' 2013\בינה מלאכותית\ITRETIVENQUEENSCODE\DEBUG\ITRETIVENQUEENSCODE.EXE
C:\USERS\ASULIN\DESKTOP\DROPBOX\ליאור\מכללה\סמסטר א' 2013\בינה מלאכותית\ITRETIVENQUEENSCODE\DEBUG\ITRETIVENQUEENSCODE.PDB
C:\Users\Asulin\Desktop\Dropbox\ליאור\מכללה\סמסטר א' 2013\בינה מלאכותית\itretiveNqueensCode\itretiveNqueensCode\Debug\board.obj
C:\Users\Asulin\Desktop\Dropbox\ליאור\מכללה\סמסטר א' 2013\בינה מלאכותית\itretiveNqueensCode\itretiveNqueensCode\Debug\iterativeAlgo.obj
C:\Users\Asulin\Desktop\Dropbox\ליאור\מכללה\סמסטר א' 2013\בינה מלאכותית\itretiveNqueensCode\itretiveNqueensCode\Debug\main.obj
C:\Users\Asulin\Desktop\Dropbox\ליאור\מכללה\סמסטר א' 2013\בינה מלאכותית\itretiveNqueensCode\itretiveNqueensCode\Debug\cl.command.1.tlog
C:\Users\Asulin\Desktop\Dropbox\ליאור\מכללה\סמסטר א' 2013\בינה מלאכותית\itretiveNqueensCode\itretiveNqueensCode\Debug\CL.read.1.tlog
C:\Users\Asulin\Desktop\Dropbox\ליאור\מכללה\סמסטר א' 2013\בינה מלאכותית\itretiveNqueensCode\itretiveNqueensCode\Debug\CL.write.1.tlog
C:\Users\Asulin\Desktop\Dropbox\ליאור\מכללה\סמסטר א' 2013\בינה מלאכותית\itretiveNqueensCode\itretiveNqueensCode\Debug\link-cvtres.read.1.tlog
C:\Users\Asulin\Desktop\Dropbox\ליאור\מכללה\סמסטר א' 2013\בינה מלאכותית\itretiveNqueensCode\itretiveNqueensCode\Debug\link-cvtres.write.1.tlog
C:\Users\Asulin\Desktop\Dropbox\ליאור\מכללה\סמסטר א' 2013\בינה מלאכותית\itretiveNqueensCode\itretiveNqueensCode\Debug\link-rc.read.1.tlog
C:\Users\Asulin\Desktop\Dropbox\ליאור\מכללה\סמסטר א' 2013\בינה מלאכותית\itretiveNqueensCode\itretiveNqueensCode\Debug\link-rc.write.1.tlog
C:\Users\Asulin\Desktop\Dropbox\ליאור\מכללה\סמסטר א' 2013\בינה מלאכותית\itretiveNqueensCode\itretiveNqueensCode\Debug\link.command.1.tlog
C:\Users\Asulin\Desktop\Dropbox\ליאור\מכללה\סמסטר א' 2013\בינה מלאכותית\itretiveNqueensCode\itretiveNqueensCode\Debug\link.read.1.tlog
C:\Users\Asulin\Desktop\Dropbox\ליאור\מכללה\סמסטר א' 2013\בינה מלאכותית\itretiveNqueensCode\itretiveNqueensCode\Debug\link.write.1.tlog
C:\Users\Asulin\Desktop\Dropbox\ליאור\מכללה\סמסטר א' 2013\בינה מלאכותית\itretiveNqueensCode\itretiveNqueensCode\Debug\vc110.idb
C:\Users\Asulin\Desktop\Dropbox\ליאור\מכללה\סמסטר א' 2013\בינה מלאכותית\itretiveNqueensCode\itretiveNqueensCode\Debug\vc110.pdb
C:\Users\Asulin\Desktop\Dropbox\ליאור\מכללה\סמסטר א' 2013\בינה מלאכותית\itretiveNqueensCode\Debug\itretiveNqueensCode.pdb
C:\Users\Asulin\Desktop\Dropbox\ליאור\מכללה\סמסטר א' 2013\בינה מלאכותית\itretiveNqueensCode\Debug\itretiveNqueensCode.exe
C:\Users\Asulin\Desktop\Dropbox\ליאור\מכללה\סמסטר א' 2013\בינה מלאכותית\itretiveNqueensCode\Debug\itretiveNqueensCode.ilk
